  0.500000000      -174.500000       168.000000    
  -3.00000000      -172.000000       166.000000    
   0.00000000      -171.000000       167.000000    
   1.00000000      -171.000000       167.000000    
  0.500000000      -170.500000       168.000000    
   1.50000000      -170.500000       168.000000    
   0.00000000      -170.500000       168.500000    
 -0.500000000      -171.500000       166.000000    
  0.500000000      -172.000000       167.500000    
  -1.00000000      -171.500000       167.500000    
  -1.50000000      -173.000000       167.500000    
   0.00000000      -173.000000       168.000000    
 -0.500000000      -173.500000       166.000000    
  -2.00000000      -174.000000       167.000000    
  -2.00000000      -172.500000       167.500000    
  -3.00000000      -172.000000       169.000000    
  -1.50000000      -173.000000       166.500000    
  -2.50000000      -171.500000       168.000000    
  -5.00000000      -173.500000       165.500000    
  -2.00000000      -172.000000       165.000000    
  -4.00000000      -172.500000       166.500000    
  -3.50000000      -171.000000       166.500000    
   2.50000000      -170.000000       165.500000    
 -0.500000000      -170.500000       165.000000    
  0.500000000      -172.000000       166.500000    
   3.50000000      -170.500000       166.000000    
  -2.50000000      -172.000000       168.500000    
 -0.500000000      -174.000000       167.500000    
 -0.500000000      -176.000000       167.500000    
  -3.00000000      -175.000000       166.000000    
  -2.50000000      -174.500000       166.000000    
   0.00000000      -175.000000       164.000000    
  -5.00000000      -175.000000       163.000000    
  -4.00000000      -177.500000       162.500000    
  -4.00000000      -178.500000       162.500000    
  -3.50000000      -178.000000       162.500000    
  -4.00000000      -177.500000       163.500000    
  -5.00000000      -177.000000       164.000000    
  -4.50000000      -174.500000       164.000000    
  -3.50000000      -174.000000       163.500000    
  -3.00000000      -172.500000       162.500000    
  -2.00000000      -174.000000       162.000000    
 -0.500000000      -171.500000       163.000000    
  -3.50000000      -172.000000       160.500000    
  -4.00000000      -170.500000       163.500000    
  -2.50000000      -169.500000       162.000000    
  -4.00000000      -169.500000       163.500000    
  -3.50000000      -171.500000       164.000000    
  -5.00000000      -172.000000       162.000000    
  -4.50000000      -170.500000       162.000000    
  -7.00000000      -169.500000       159.500000    
  -5.00000000      -168.500000       161.500000    
  -5.50000000      -168.000000       159.500000    
  -5.00000000      -169.000000       159.000000    
  -4.50000000      -170.000000       157.500000    
  -6.00000000      -169.500000       158.500000    
  -8.00000000      -169.500000       157.500000    
  -4.00000000      -169.500000       157.500000    
  -4.50000000      -169.000000       157.500000    
  -4.50000000      -167.000000       156.500000    
  -6.50000000      -168.000000       155.500000    
  -6.50000000      -165.500000       159.000000    
  -5.00000000      -167.500000       157.500000    
  -2.00000000      -166.500000       157.500000    
  -4.00000000      -168.000000       158.000000    
  -5.00000000      -164.500000       157.500000    
  -5.50000000      -163.500000       158.000000    
  -7.50000000      -160.500000       157.000000    
  -6.00000000      -167.500000       156.500000    
  -3.50000000      -166.500000       155.000000    
  -3.50000000      -165.000000       157.500000    
  -2.50000000      -167.500000       155.000000    
  -2.50000000      -168.000000       156.500000    
  -1.50000000      -168.000000       156.500000    
  -2.50000000      -165.000000       156.500000    
  -6.00000000      -165.000000       158.000000    
  -5.00000000      -166.000000       155.000000    
  -2.00000000      -166.500000       158.500000    
  0.500000000      -167.500000       157.000000    
  -1.50000000      -168.500000       158.000000    
  -2.50000000      -167.000000       158.500000    
  -4.00000000      -164.000000       159.000000    
   2.00000000      -166.500000       157.500000    
 -0.500000000      -165.500000       158.000000    
   2.00000000      -166.000000       158.000000    
   1.00000000      -165.000000       157.000000    
  -1.00000000      -166.000000       158.000000    
   3.00000000      -166.000000       156.000000    
   1.50000000      -163.500000       157.000000    
   5.50000000      -162.500000       155.000000    
  -1.00000000      -165.000000       158.000000    
   0.00000000      -163.500000       159.500000    
  -1.50000000      -164.500000       159.000000    
  -1.00000000      -163.500000       157.500000    
  -2.50000000      -163.500000       157.000000    
  -1.50000000      -162.500000       156.000000    
 -0.500000000      -163.500000       155.000000    
  -1.00000000      -164.500000       155.500000    
   1.00000000      -166.000000       156.000000    
   0.00000000      -164.500000       158.500000    
  0.500000000      -165.000000       159.500000    
  0.500000000      -164.500000       160.000000    
  0.500000000      -165.500000       157.000000    
  -1.00000000      -165.000000       157.000000    
   1.50000000      -166.500000       158.000000    
 -0.500000000      -166.500000       158.000000    
  0.500000000      -165.000000       157.500000    
  -2.00000000      -163.500000       157.500000    
  -3.00000000      -162.500000       156.500000    
  -1.00000000      -163.500000       156.500000    
  0.500000000      -164.500000       158.000000    
  -1.50000000      -164.000000       155.500000    
 -0.500000000      -163.000000       153.500000    
  -1.00000000      -162.000000       153.000000    
  0.500000000      -161.000000       153.500000    
   3.00000000      -161.000000       155.000000    
 -0.500000000      -162.000000       154.500000    
  0.500000000      -161.500000       155.000000    
   3.00000000      -160.000000       155.000000    
   2.50000000      -160.000000       155.500000    
  0.500000000      -160.000000       152.500000    
   3.00000000      -160.000000       155.000000    
   2.00000000      -160.000000       151.000000    
   3.00000000      -159.500000       153.500000    
   5.00000000      -159.000000       154.000000    
   5.00000000      -160.000000       153.000000    
   5.00000000      -160.000000       153.000000    
   4.50000000      -160.500000       154.000000    
   3.00000000      -159.500000       150.500000    
   4.50000000      -159.500000       153.000000    
   5.00000000      -160.500000       153.500000    
   3.00000000      -159.000000       154.000000    
   6.50000000      -161.500000       152.000000    
   3.50000000      -160.500000       154.000000    
   1.50000000      -160.500000       154.000000    
   6.50000000      -158.500000       152.000000    
   4.50000000      -162.000000       153.500000    
   5.00000000      -161.000000       153.000000    
   4.00000000      -160.500000       153.500000    
   4.00000000      -159.500000       151.500000    
   2.50000000      -160.500000       152.000000    
   3.50000000      -160.000000       151.500000    
   0.00000000      -161.500000       151.500000    
   1.00000000      -161.500000       152.500000    
  -1.00000000      -161.500000       152.500000    
   2.50000000      -161.500000       152.000000    
   1.00000000      -159.500000       152.500000    
   1.50000000      -159.000000       153.500000    
   1.00000000      -159.500000       151.500000    
   1.00000000      -159.500000       151.500000    
 -0.500000000      -158.500000       152.000000    
   1.00000000      -159.000000       151.000000    
   2.50000000      -158.500000       152.000000    
   4.00000000      -156.000000       151.000000    
   1.00000000      -160.500000       151.500000    
   0.00000000      -160.000000       151.000000    
  0.500000000      -160.500000       152.000000    
   1.50000000      -158.000000       151.500000    
   1.00000000      -158.500000       151.500000    
  0.500000000      -158.000000       151.500000    
  0.500000000      -159.000000       150.500000    
  0.500000000      -158.500000       150.000000    
   2.00000000      -158.500000       149.500000    
   1.00000000      -159.000000       149.000000    
 -0.500000000      -156.500000       149.000000    
   1.00000000      -156.000000       148.000000    
   1.00000000      -154.500000       148.500000    
  -2.00000000      -157.000000       149.000000    
   0.00000000      -156.000000       149.000000    
   1.50000000      -156.500000       150.000000    
   1.50000000      -156.000000       149.500000    
  -2.50000000      -153.500000       150.000000    
   0.00000000      -156.500000       149.500000    
  -1.00000000      -155.500000       148.500000    
 -0.500000000      -157.000000       148.500000    
 -0.500000000      -158.500000       148.000000    
 -0.500000000      -157.500000       147.000000    
   1.50000000      -157.000000       145.500000    
   1.50000000      -156.000000       147.500000    
  -1.50000000      -156.500000       146.000000    
  -1.00000000      -155.500000       143.500000    
   2.00000000      -155.500000       145.500000    
  -1.50000000      -155.000000       146.500000    
   0.00000000      -155.000000       148.000000    
  -1.00000000      -155.500000       146.500000    
   1.00000000      -153.500000       146.500000    
 -0.500000000      -154.500000       144.000000    
   0.00000000      -154.000000       145.000000    
   2.00000000      -154.000000       145.000000    
   2.50000000      -154.000000       145.500000    
   3.00000000      -152.000000       147.000000    
   2.50000000      -152.500000       147.000000    
   2.50000000      -152.000000       145.500000    
  0.500000000      -153.000000       144.500000    
  0.500000000      -152.000000       145.500000    
  -1.00000000      -153.500000       145.500000    
 -0.500000000      -154.500000       147.000000    
  -1.50000000      -154.500000       145.000000    
  -1.50000000      -154.000000       144.500000    
  -2.00000000      -154.000000       146.000000    
  -1.00000000      -154.500000       145.500000    
   1.00000000      -153.500000       147.500000    
   1.00000000      -152.000000       145.000000    
  -2.00000000      -152.500000       147.500000    
  -1.00000000      -152.500000       146.500000    
  -1.50000000      -151.500000       147.000000    
  -2.50000000      -152.500000       147.000000    
  0.500000000      -153.000000       148.500000    
   1.00000000      -153.500000       148.500000    
  0.500000000      -154.500000       147.000000    
   1.00000000      -153.000000       146.000000    
   2.50000000      -155.500000       146.000000    
  -1.00000000      -155.000000       144.000000    
  -1.00000000      -153.500000       144.500000    
  -1.50000000      -151.500000       146.000000    
  -1.50000000      -153.000000       145.500000    
  -2.50000000      -153.000000       146.500000    
  -2.50000000      -153.000000       146.500000    
  -2.00000000      -152.500000       146.500000    
  -1.00000000      -151.500000       145.500000    
  -2.00000000      -151.000000       147.000000    
  -1.50000000      -151.500000       146.000000    
 -0.500000000      -150.500000       145.000000    
  -2.50000000      -151.500000       145.000000    
  -1.50000000      -151.500000       145.000000    
   0.00000000      -151.500000       146.500000    
   0.00000000      -150.000000       146.000000    
 -0.500000000      -152.000000       146.500000    
  -2.00000000      -149.500000       146.500000    
  -2.50000000      -151.000000       147.500000    
  -1.50000000      -150.500000       146.000000    
   2.00000000      -150.000000       144.000000    
 -0.500000000      -150.000000       144.500000    
  0.500000000      -150.500000       144.000000    
  0.500000000      -151.000000       144.500000    
   2.00000000      -150.000000       144.000000    
   1.50000000      -151.000000       143.500000    
   2.00000000      -150.500000       144.500000    
   1.50000000      -150.500000       145.000000    
   2.50000000      -150.000000       145.500000    
   2.00000000      -148.500000       144.500000    
   1.50000000      -149.000000       144.500000    
   1.00000000      -149.000000       145.000000    
   0.00000000      -149.000000       144.000000    
   2.50000000      -148.500000       146.000000    
   1.50000000      -149.000000       146.500000    
   1.50000000      -147.000000       145.500000    
   2.50000000      -148.500000       145.000000    
   2.50000000      -148.000000       146.500000    
   4.00000000      -148.500000       146.500000    
   2.50000000      -149.000000       144.500000    
   3.00000000      -150.000000       145.000000    
   4.00000000      -147.000000       146.000000    
   3.00000000      -148.500000       144.500000    
   3.00000000      -150.500000       144.500000    
   5.00000000      -148.500000       145.500000    
   3.00000000      -150.000000       145.000000    
   1.50000000      -150.000000       146.500000    
   3.00000000      -149.000000       145.000000    
   2.00000000      -148.500000       144.500000    
   4.00000000      -145.500000       145.500000    
   5.50000000      -148.500000       143.000000    
   5.50000000      -146.500000       143.000000    
   3.50000000      -149.000000       140.500000    
   4.50000000      -147.500000       143.000000    
   3.00000000      -148.500000       143.500000    
   2.50000000      -147.500000       144.000000    
   1.50000000      -148.500000       144.000000    
   2.00000000      -148.000000       144.000000    
   2.00000000      -148.000000       143.000000    
   1.00000000      -146.000000       143.000000    
  -1.00000000      -150.000000       144.000000    
  0.500000000      -148.500000       146.000000    
   1.00000000      -147.500000       145.500000    
   1.50000000      -149.000000       144.500000    
   1.00000000      -150.000000       144.000000    
   3.50000000      -148.500000       145.000000    
   2.50000000      -148.000000       146.500000    
   2.00000000      -147.500000       144.500000    
   3.50000000      -147.000000       144.500000    
   4.50000000      -149.000000       144.500000    
   6.00000000      -148.500000       142.500000    
   4.50000000      -146.500000       144.000000    
   5.50000000      -146.000000       142.500000    
   6.50000000      -146.000000       143.500000    
   4.00000000      -148.000000       141.000000    
   4.00000000      -147.500000       141.500000    
   2.00000000      -148.500000       141.500000    
   2.50000000      -149.500000       144.000000    
   1.00000000      -149.000000       142.000000    
   2.00000000      -147.500000       141.500000    
   2.50000000      -147.500000       142.000000    
   3.00000000      -148.000000       142.000000    
   3.50000000      -147.000000       141.500000    
   2.50000000      -147.000000       142.500000    
   2.00000000      -147.000000       142.000000    
   1.00000000      -146.000000       142.000000    
   3.00000000      -147.000000       145.000000    
   2.00000000      -148.500000       143.500000    
   1.50000000      -149.500000       144.000000    
   3.50000000      -149.000000       143.500000    
   4.00000000      -150.500000       142.500000    
   3.00000000      -153.000000       143.000000    
   3.00000000      -152.500000       142.500000    
   4.00000000      -153.500000       143.500000    
   3.50000000      -154.000000       143.500000    
   4.00000000      -152.500000       143.500000    
   4.50000000      -152.500000       143.000000    
   3.50000000      -152.500000       143.000000    
   5.00000000      -151.000000       145.000000    
   4.00000000      -153.000000       146.000000    
   3.00000000      -154.000000       147.000000    
   6.00000000      -152.500000       146.500000    
   6.00000000      -153.500000       146.500000    
   4.00000000      -151.000000       145.000000    
   4.50000000      -151.500000       147.000000    
   7.50000000      -153.500000       148.000000    
   6.50000000      -152.500000       149.000000    
   7.50000000      -152.500000       148.000000    
   7.00000000      -153.500000       148.500000    
   7.00000000      -153.000000       148.000000    
   6.50000000      -154.000000       148.500000    
   6.50000000      -154.500000       148.000000    
   4.50000000      -155.000000       146.500000    
   5.00000000      -156.500000       147.500000    
   7.00000000      -155.000000       148.000000    
   7.00000000      -155.500000       147.500000    
   7.00000000      -155.000000       148.000000    
   8.00000000      -156.500000       147.500000    
   7.50000000      -156.000000       147.500000    
   8.00000000      -156.000000       147.000000    
   7.50000000      -157.000000       146.500000    
   7.00000000      -157.500000       145.500000    
   2.50000000      -157.500000       146.000000    
   2.00000000      -159.000000       144.000000    
   3.00000000      -159.000000       144.000000    
   5.50000000      -159.500000       144.000000    
   6.50000000      -159.500000       144.000000    
   7.50000000      -159.500000       144.000000    
   7.00000000      -159.500000       147.500000    
   7.50000000      -160.500000       148.000000    
   9.50000000      -160.500000       147.000000    
   8.00000000      -161.000000       146.000000    
   9.00000000      -161.500000       147.500000    
   11.0000000      -160.500000       145.500000    
   11.0000000      -160.500000       146.500000    
   9.50000000      -161.500000       146.000000    
   11.5000000      -161.500000       146.000000    
   10.5000000      -162.500000       148.000000    
   12.0000000      -161.000000       149.000000    
   10.0000000      -160.000000       149.000000    
   8.00000000      -163.000000       148.000000    
   9.00000000      -162.500000       149.500000    
   6.00000000      -161.500000       149.500000    
   7.00000000      -162.000000       150.000000    
   8.50000000      -161.000000       148.500000    
   7.50000000      -161.500000       150.000000    
   8.00000000      -162.500000       148.500000    
   7.50000000      -161.500000       149.000000    
   6.00000000      -162.500000       149.500000    
   6.00000000      -163.000000       152.000000    
   7.00000000      -163.000000       151.000000    
   6.50000000      -163.500000       150.000000    
   6.00000000      -162.500000       150.500000    
   4.50000000      -163.000000       150.500000    
   8.50000000      -163.000000       148.500000    
   6.50000000      -163.500000       149.000000    
   6.00000000      -163.500000       150.500000    
   4.00000000      -164.000000       150.000000    
   1.00000000      -164.500000       147.500000    
   3.00000000      -164.000000       148.000000    
   1.50000000      -165.000000       149.500000    
   2.00000000      -165.000000       150.000000    
   2.00000000      -165.000000       150.000000    
   3.00000000      -163.500000       149.500000    
   2.00000000      -164.500000       148.500000    
   1.50000000      -163.000000       147.500000    
   2.00000000      -161.500000       149.500000    
   3.50000000      -161.500000       148.000000    
   3.00000000      -162.000000       148.000000    
   3.50000000      -161.000000       149.500000    
   2.50000000      -161.000000       149.500000    
   5.00000000      -161.000000       150.000000    
   5.00000000      -160.000000       150.000000    
   4.00000000      -159.500000       148.500000    
   4.00000000      -158.500000       148.500000    
   5.00000000      -159.500000       147.500000    
   3.00000000      -160.000000       150.000000    
   5.00000000      -158.000000       150.000000    
   5.50000000      -159.500000       150.000000    
   4.50000000      -159.000000       148.500000    
   4.00000000      -158.000000       150.000000    
   5.50000000      -158.000000       149.500000    
   3.50000000      -156.000000       148.500000    
   4.50000000      -156.500000       148.000000    
   3.00000000      -157.000000       147.000000    
   3.00000000      -156.500000       148.500000    
   3.00000000      -156.500000       147.500000    
   2.00000000      -155.000000       146.000000    
   4.00000000      -155.000000       148.000000    
   3.00000000      -156.000000       148.000000    
   4.00000000      -155.500000       147.500000    
   2.50000000      -154.000000       148.500000    
   3.50000000      -152.500000       148.000000    
   4.50000000      -152.000000       147.500000    
   7.00000000      -153.000000       147.000000    
   5.00000000      -152.000000       146.000000    
   4.50000000      -152.500000       147.000000    
   4.00000000      -151.500000       146.500000    
   3.50000000      -152.500000       146.000000    
   4.50000000      -152.500000       146.000000    
   5.00000000      -152.500000       144.500000    
   5.50000000      -152.500000       144.000000    
   5.50000000      -151.000000       142.500000    
   1.00000000      -153.000000       144.000000    
   2.00000000      -151.500000       148.500000    
   1.50000000      -152.500000       148.000000    
   2.50000000      -151.500000       147.000000    
   4.00000000      -152.000000       147.000000    
   3.50000000      -152.000000       146.500000    
   3.00000000      -152.000000       146.000000    
   2.50000000      -150.000000       147.500000    
   2.00000000      -150.000000       147.000000    
   2.00000000      -151.500000       146.500000    
   2.00000000      -152.000000       148.000000    
 -0.500000000      -151.000000       147.500000    
  0.500000000      -151.500000       148.000000    
   1.50000000      -152.000000       148.500000    
  0.500000000      -151.500000       149.000000    
   2.00000000      -151.000000       149.000000    
   1.50000000      -151.500000       149.000000    
   1.50000000      -151.500000       149.000000    
   2.50000000      -151.500000       148.000000    
   3.50000000      -151.000000       148.500000    
   3.00000000      -152.000000       147.000000    
   2.00000000      -152.000000       146.000000    
   1.00000000      -152.000000       147.000000    
   1.00000000      -153.500000       145.500000    
  -1.00000000      -152.500000       142.500000    
   1.00000000      -152.000000       143.000000    
  0.500000000      -152.500000       141.000000    
   0.00000000      -152.500000       145.500000    
  0.500000000      -153.000000       144.500000    
 -0.500000000      -154.000000       143.500000    
  0.500000000      -152.000000       144.500000    
   1.00000000      -153.000000       146.000000    
   2.50000000      -153.500000       145.000000    
   3.00000000      -153.000000       145.000000    
   4.00000000      -152.500000       144.500000    
   3.00000000      -152.500000       146.500000    
   4.00000000      -151.500000       143.500000    
   6.00000000      -152.500000       142.500000    
   3.50000000      -153.000000       144.500000    
   3.50000000      -152.500000       145.000000    
   2.50000000      -152.000000       146.500000    
   3.50000000      -152.000000       146.500000    
   5.50000000      -151.000000       145.500000    
   4.00000000      -152.000000       145.000000    
   4.50000000      -152.000000       146.500000    
   4.00000000      -151.000000       146.000000    
   4.50000000      -151.000000       143.500000    
   5.50000000      -150.000000       144.500000    
   4.00000000      -153.000000       143.000000    
   4.00000000      -151.500000       143.500000    
   4.00000000      -151.000000       142.000000    
   4.50000000      -151.500000       142.000000    
   4.00000000      -151.500000       140.500000    
   4.00000000      -150.000000       139.000000    
   4.50000000      -149.500000       140.000000    
   2.00000000      -151.500000       140.500000    
  0.500000000      -150.000000       140.500000    
   2.00000000      -150.500000       139.500000    
   2.50000000      -150.000000       142.500000    
   2.50000000      -149.000000       140.500000    
   2.00000000      -146.500000       141.500000    
   1.50000000      -145.000000       142.500000    
 -0.500000000      -144.500000       142.000000    
   1.50000000      -144.500000       141.000000    
   1.50000000      -144.000000       141.500000    
   2.50000000      -146.000000       140.500000    
   3.50000000      -146.500000       141.000000    
   2.50000000      -145.500000       141.000000    
   2.00000000      -148.500000       140.500000    
   4.50000000      -146.000000       139.500000    
   3.50000000      -146.000000       141.500000    
   2.50000000      -146.500000       141.000000    
   1.50000000      -147.500000       142.000000    
   2.00000000      -149.000000       142.000000    
   2.00000000      -150.000000       142.000000    
  0.500000000      -150.500000       142.000000    
   1.00000000      -150.500000       142.500000    
   0.00000000      -150.500000       142.500000    
  0.500000000      -151.500000       142.000000    
   2.00000000      -152.000000       143.000000    
   2.00000000      -152.500000       143.500000    
   1.50000000      -151.500000       143.000000    
   2.00000000      -151.000000       142.000000    
   4.00000000      -151.500000       142.500000    
   2.00000000      -152.500000       141.500000    
   2.00000000      -153.000000       142.000000    
   3.00000000      -152.000000       142.000000    
   2.00000000      -152.500000       141.500000    
   5.50000000      -151.000000       140.500000    
   6.50000000      -150.000000       140.500000    
   4.00000000      -150.500000       138.500000    
   4.50000000      -149.500000       139.000000    
   3.00000000      -149.500000       139.500000    
   4.00000000      -149.000000       139.000000    
   2.50000000      -150.500000       138.000000    
   4.00000000      -151.000000       137.000000    
   3.00000000      -150.000000       139.000000    
   4.50000000      -149.500000       137.000000    
   2.50000000      -149.000000       137.500000    
   2.00000000      -148.500000       136.500000    
  0.500000000      -149.500000       137.000000    
  -1.50000000      -147.000000       138.500000    
  -1.00000000      -149.500000       136.500000    
  0.500000000      -150.000000       137.500000    
  0.500000000      -149.500000       140.000000    
 -0.500000000      -150.000000       139.500000    
   2.50000000      -150.500000       140.000000    
   2.50000000      -149.000000       137.500000    
   1.00000000      -149.000000       141.000000    
   3.00000000      -148.500000       141.500000    
  0.500000000      -146.500000       141.000000    
   1.50000000      -147.500000       140.000000    
   2.00000000      -146.500000       140.500000    
   2.00000000      -147.500000       140.500000    
   1.50000000      -147.500000       140.000000    
   4.00000000      -146.000000       140.000000    
   1.50000000      -146.000000       139.500000    
   3.00000000      -147.500000       137.500000    
   3.00000000      -146.000000       138.000000    
   3.00000000      -146.000000       140.000000    
   2.00000000      -144.000000       138.000000    
   2.50000000      -144.500000       139.000000    
   1.50000000      -145.500000       140.000000    
   4.50000000      -146.500000       140.000000    
   6.00000000      -147.500000       138.500000    
   7.00000000      -147.500000       138.500000    
   6.50000000      -145.500000       139.000000    
   5.50000000      -144.500000       138.000000    
   5.50000000      -145.000000       138.500000    
   5.00000000      -144.500000       137.500000    
   3.00000000      -144.500000       139.500000    
   1.50000000      -146.500000       141.000000    
   2.00000000      -144.500000       141.500000    
   3.50000000      -146.000000       137.500000    
   5.00000000      -145.000000       140.000000    
   3.50000000      -145.500000       140.000000    
   4.00000000      -145.000000       139.000000    
   5.00000000      -145.500000       139.500000    
   3.50000000      -148.500000       138.000000    
   5.50000000      -147.500000       139.000000    
   4.00000000      -147.500000       139.500000    
   3.00000000      -147.500000       139.500000    
   4.50000000      -146.500000       141.000000    
   5.00000000      -147.000000       141.000000    
   4.00000000      -147.500000       140.500000    
   4.50000000      -147.000000       136.500000    
   6.50000000      -145.000000       140.500000    
   8.00000000      -144.500000       141.500000    
   7.00000000      -146.000000       140.000000    
   8.50000000      -145.000000       140.500000    
   6.50000000      -145.000000       140.500000    
   7.00000000      -147.000000       140.000000    
   4.00000000      -146.500000       139.500000    
   5.50000000      -145.500000       140.000000    
   3.50000000      -145.500000       142.000000    
   6.00000000      -147.500000       142.500000    
   7.50000000      -147.000000       141.500000    
   5.00000000      -146.000000       139.000000    
   8.00000000      -146.000000       141.000000    
   5.00000000      -145.500000       140.500000    
   7.00000000      -144.500000       139.500000    
   8.00000000      -144.500000       141.500000    
   6.50000000      -145.000000       141.500000    
   7.00000000      -144.500000       141.500000    
   5.50000000      -147.000000       141.500000    
   6.50000000      -146.000000       142.500000    
   5.00000000      -145.000000       142.000000    
   5.00000000      -146.500000       141.500000    
   6.50000000      -145.000000       141.500000    
   7.50000000      -147.500000       140.000000    
   6.00000000      -147.000000       141.000000    
   8.00000000      -147.000000       142.000000    
   7.00000000      -146.500000       142.500000    
   4.50000000      -146.500000       142.000000    
   5.00000000      -147.000000       141.000000    
   4.50000000      -148.000000       139.500000    
   4.50000000      -149.000000       140.500000    
   3.50000000      -149.000000       140.500000    
   2.50000000      -147.000000       138.500000    
   1.00000000      -147.000000       138.000000    
   3.00000000      -148.000000       139.000000    
   1.00000000      -148.500000       138.500000    
   1.50000000      -146.500000       137.000000    
   3.50000000      -145.000000       137.500000    
   1.00000000      -147.500000       138.500000    
   0.00000000      -146.500000       139.500000    
   2.00000000      -146.000000       140.000000    
  0.500000000      -146.500000       139.000000    
   2.50000000      -146.000000       139.500000    
   2.00000000      -144.500000       140.500000    
   3.00000000      -143.000000       140.000000    
   1.50000000      -145.000000       139.500000    
  -1.00000000      -144.000000       140.000000    
  -1.00000000      -144.000000       141.000000    
   0.00000000      -145.000000       140.000000    
   1.00000000      -145.000000       142.000000    
  0.500000000      -145.000000       140.500000    
  -1.50000000      -143.500000       140.000000    
 -0.500000000      -143.000000       139.500000    
   2.50000000      -143.500000       140.000000    
   2.00000000      -144.500000       139.500000    
   1.50000000      -144.500000       138.000000    
   4.50000000      -144.000000       138.500000    
   4.00000000      -144.000000       137.000000    
   2.00000000      -143.500000       135.500000    
  0.500000000      -144.000000       135.500000    
   1.00000000      -145.000000       137.000000    
  0.500000000      -144.500000       137.000000    
  0.500000000      -144.000000       137.500000    
   2.50000000      -142.500000       137.000000    
   1.00000000      -141.000000       137.000000    
 -0.500000000      -142.000000       138.500000    
  0.500000000      -142.000000       137.500000    
  0.500000000      -142.000000       137.500000    
  -1.00000000      -139.500000       137.500000    
  -1.00000000      -138.000000       137.000000    
 -0.500000000      -139.000000       137.500000    
  -1.50000000      -140.000000       137.500000    
  0.500000000      -139.500000       137.000000    
 -0.500000000      -138.500000       135.000000    
  0.500000000      -138.500000       136.000000    
  0.500000000      -138.500000       135.000000    
   1.00000000      -136.500000       133.500000    
  0.500000000      -137.000000       134.500000    
   1.50000000      -136.500000       133.000000    
   1.00000000      -135.500000       133.500000    
   2.00000000      -134.000000       133.000000    
   2.00000000      -134.500000       133.500000    
   4.00000000      -136.000000       133.000000    
   4.50000000      -136.000000       132.500000    
   4.00000000      -136.000000       132.000000    
   2.50000000      -134.000000       132.500000    
  0.500000000      -134.500000       132.000000    
   0.00000000      -133.500000       131.500000    
   0.00000000      -134.500000       130.500000    
   2.00000000      -134.000000       131.000000    
  -1.00000000      -136.000000       130.000000    
  0.500000000      -136.000000       133.500000    
   1.50000000      -136.000000       132.500000    
   1.50000000      -134.000000       129.500000    
  0.500000000      -136.000000       131.500000    
   2.00000000      -135.500000       132.500000    
  0.500000000      -133.500000       133.000000    
   2.00000000      -134.500000       132.500000    
   1.50000000      -136.000000       131.500000    
  0.500000000      -135.000000       131.500000    
   4.50000000      -134.000000       129.500000    
   2.50000000      -134.500000       130.000000    
 -0.500000000      -132.500000       129.000000    
   0.00000000      -133.000000       129.000000    
   2.00000000      -129.500000       129.500000    
   2.00000000      -131.000000       129.000000    
  0.500000000      -131.500000       129.000000    
  0.500000000      -132.500000       129.000000    
   1.50000000      -132.500000       130.000000    
  0.500000000      -132.500000       130.000000    
   0.00000000      -133.000000       131.000000    
   1.50000000      -133.000000       131.500000    
   2.50000000      -134.000000       130.500000    
   2.00000000      -134.500000       131.500000    
   0.00000000      -133.000000       131.000000    
   1.50000000      -132.000000       129.500000    
   1.50000000      -131.000000       129.500000    
   3.50000000      -131.000000       131.500000    
   3.00000000      -129.500000       131.500000    
   3.00000000      -131.000000       130.000000    
   2.50000000      -131.000000       130.500000    
  0.500000000      -133.000000       129.500000    
  0.500000000      -131.000000       129.500000    
   1.00000000      -131.500000       129.500000    
   2.00000000      -131.500000       131.500000    
   3.00000000      -132.000000       131.000000    
   4.50000000      -131.500000       130.000000    
   3.00000000      -131.500000       129.500000    
   0.00000000      -131.000000       129.000000    
  0.500000000      -131.000000       129.500000    
   0.00000000      -131.500000       128.500000    
  0.500000000      -128.000000       128.500000    
   2.50000000      -127.500000       129.000000    
   5.00000000      -127.500000       128.500000    
   3.00000000      -129.000000       127.000000    
   3.50000000      -127.500000       127.000000    
   3.00000000      -127.500000       126.500000    
   2.00000000      -128.000000       127.000000    
   6.00000000      -128.500000       125.500000    
   1.00000000      -128.000000       124.000000    
   3.00000000      -127.500000       125.500000    
   4.00000000      -128.000000       123.000000    
   2.50000000      -128.500000       122.000000    
   2.00000000      -128.000000       119.000000    
   2.00000000      -127.000000       121.000000    
   2.50000000      -126.000000       121.500000    
   2.00000000      -126.500000       121.500000    
   5.00000000      -128.000000       119.000000    
   4.50000000      -127.500000       123.000000    
   4.50000000      -124.500000       123.000000    
  0.500000000      -124.500000       122.000000    
   3.50000000      -124.000000       121.500000    
   1.00000000      -123.500000       121.500000    
   1.50000000      -125.000000       121.500000    
  0.500000000      -123.500000       122.000000    
   0.00000000      -123.000000       122.000000    
  0.500000000      -123.500000       122.000000    
   0.00000000      -122.500000       120.500000    
  0.500000000      -123.000000       121.500000    
   2.50000000      -122.500000       122.000000    
   1.50000000      -123.500000       121.000000    
   3.00000000      -121.500000       121.500000    
   3.00000000      -121.500000       121.500000    
   3.50000000      -120.000000       121.500000    
   5.50000000      -120.000000       120.500000    
   3.00000000      -122.000000       120.000000    
   1.00000000      -119.500000       120.500000    
  -2.00000000      -118.500000       119.500000    
   1.00000000      -121.000000       120.000000    
   1.00000000      -120.500000       120.500000    
   1.50000000      -121.000000       119.500000    
   1.00000000      -121.000000       119.000000    
   0.00000000      -121.000000       117.000000    
  -1.00000000      -120.500000       117.500000    
 -0.500000000      -120.500000       117.000000    
   2.50000000      -120.500000       117.000000    
 -0.500000000      -120.500000       118.000000    
  0.500000000      -120.500000       118.000000    
   1.50000000      -121.000000       118.500000    
   1.00000000      -119.000000       117.000000    
   1.50000000      -120.500000       117.000000    
   0.00000000      -119.500000       116.500000    
 -0.500000000      -121.000000       116.500000    
  0.500000000      -121.500000       116.000000    
   3.00000000      -120.500000       115.500000    
   2.00000000      -119.500000       116.500000    
   4.00000000      -118.000000       115.000000    
   6.50000000      -117.000000       115.500000    
   4.00000000      -118.000000       115.000000    
   5.50000000      -118.500000       114.000000    
   6.00000000      -117.500000       113.500000    
   8.00000000      -118.500000       111.500000    
   8.00000000      -116.500000       111.500000    
   8.50000000      -117.000000       108.500000    
   5.50000000      -116.500000       109.000000    
   5.50000000      -117.000000       110.500000    
   7.00000000      -116.500000       110.500000    
   5.50000000      -116.500000       111.000000    
   7.50000000      -117.000000       110.500000    
   6.00000000      -115.500000       109.500000    
   5.50000000      -116.000000       110.500000    
   5.50000000      -116.000000       109.500000    
   3.50000000      -115.500000       110.000000    
   4.00000000      -115.000000       111.000000    
   2.50000000      -115.000000       110.500000    
   4.00000000      -115.500000       111.500000    
   2.00000000      -112.000000       113.000000    
   3.00000000      -114.500000       113.500000    
   4.50000000      -114.000000       112.500000    
   2.50000000      -112.500000       111.000000    
   3.00000000      -114.000000       112.000000    
   5.50000000      -115.000000       109.500000    
   7.50000000      -115.500000       107.000000    
   7.50000000      -114.500000       109.000000    
   4.50000000      -115.000000       108.500000    
   7.00000000      -113.500000       109.500000    
   3.00000000      -115.500000       108.500000    
   4.50000000      -114.500000       109.000000    
   4.50000000      -114.500000       111.000000    
   3.00000000      -116.000000       113.000000    
   3.00000000      -116.000000       112.000000    
   4.50000000      -116.500000       111.000000    
   3.50000000      -118.000000       111.500000    
   3.00000000      -117.000000       111.000000    
   2.50000000      -117.500000       110.000000    
   2.50000000      -113.500000       109.000000    
   2.00000000      -113.000000       109.000000    
  -1.00000000      -115.000000       107.000000    
  -2.50000000      -114.500000       107.000000    
   1.00000000      -114.500000       109.500000    
   1.00000000      -116.000000       109.000000    
   3.00000000      -116.000000       110.000000    
   1.50000000      -118.000000       110.500000    
   1.00000000      -117.000000       108.000000    
   2.50000000      -117.000000       108.500000    
  0.500000000      -117.000000       107.500000    
   2.50000000      -115.000000       108.500000    
   2.50000000      -115.000000       110.500000    
   2.50000000      -116.000000       109.500000    
   5.50000000      -114.500000       107.000000    
   1.50000000      -115.500000       107.000000    
   2.50000000      -115.500000       106.000000    
   1.50000000      -115.500000       105.000000    
   2.50000000      -117.000000       105.500000    
  0.500000000      -116.500000       106.000000    
   0.00000000      -117.500000       106.500000    
   1.00000000      -115.000000       106.000000    
   2.00000000      -113.500000       107.500000    
   2.50000000      -117.500000       107.000000    
   1.50000000      -117.000000       107.500000    
   0.00000000      -115.500000       104.500000    
   2.00000000      -116.000000       106.000000    
  0.500000000      -119.000000       106.500000    
   1.50000000      -119.000000       105.500000    
   2.50000000      -119.000000       106.500000    
   2.00000000      -117.500000       106.500000    
   0.00000000      -117.000000       107.000000    
   1.50000000      -119.000000       106.500000    
   2.00000000      -118.500000       105.500000    
   2.00000000      -116.500000       104.500000    
   1.00000000      -118.000000       105.000000    
   0.00000000      -117.500000       103.500000    
   2.50000000      -115.500000       104.000000    
   1.00000000      -118.000000       104.000000    
   0.00000000      -117.000000       104.000000    
   1.00000000      -116.500000       102.500000    
   0.00000000      -118.000000       103.000000    
   0.00000000      -117.500000       105.500000    
   0.00000000      -115.500000       105.500000    
 -0.500000000      -116.500000       105.000000    
   0.00000000      -116.000000       104.000000    
  -1.50000000      -114.000000       104.500000    
  -1.50000000      -113.000000       104.500000    
  -3.50000000      -111.000000       104.500000    
   0.00000000      -112.500000       103.500000    
   1.50000000      -113.000000       102.500000    
   0.00000000      -112.500000       99.5000000    
  0.500000000      -112.500000       102.000000    
  0.500000000      -112.500000       104.000000    
   0.00000000      -112.500000       104.500000    
  -2.50000000      -112.000000       103.500000    
  -1.00000000      -112.000000       103.000000    
 -0.500000000      -112.000000       103.500000    
  0.500000000      -113.000000       103.500000    
 -0.500000000      -112.500000       103.000000    
  -1.00000000      -111.500000       102.500000    
   1.00000000      -111.000000       104.000000    
   2.00000000      -110.500000       104.500000    
   1.00000000      -111.000000       105.000000    
   1.00000000      -109.500000       106.500000    
   2.00000000      -110.000000       106.000000    
   2.00000000      -110.500000       105.500000    
 -0.500000000      -109.500000       106.000000    
   0.00000000      -110.500000       105.500000    
   1.00000000      -112.000000       105.000000    
   2.50000000      -112.000000       104.500000    
  0.500000000      -110.500000       104.000000    
  0.500000000      -112.500000       104.000000    
  -1.00000000      -111.500000       101.500000    
   2.00000000      -111.000000       107.000000    
   2.00000000      -110.500000       107.500000    
   2.50000000      -113.000000       106.500000    
   1.50000000      -110.500000       107.000000    
   2.00000000      -111.500000       106.500000    
   3.00000000      -111.000000       106.000000    
   2.00000000      -111.000000       106.000000    
   3.50000000      -110.500000       105.000000    
   4.00000000      -111.500000       105.500000    
   4.00000000      -110.500000       106.500000    
   4.50000000      -111.500000       106.000000    
   3.00000000      -110.000000       106.000000    
   2.00000000      -110.500000       105.500000    
   3.00000000      -110.500000       105.500000    
   3.50000000      -111.000000       106.500000    
   4.00000000      -108.500000       105.500000    
   3.50000000      -108.500000       106.000000    
   4.50000000      -108.500000       105.000000    
   4.50000000      -108.500000       104.000000    
   5.00000000      -107.000000       104.000000    
   4.50000000      -107.000000       105.500000    
   4.50000000      -107.500000       104.000000    
   3.00000000      -107.500000       104.500000    
   4.50000000      -106.500000       104.000000    
   3.00000000      -107.500000       102.500000    
   6.50000000      -106.500000       102.000000    
   4.00000000      -106.500000       101.500000    
   4.00000000      -106.000000       102.000000    
   3.50000000      -105.000000       100.500000    
   4.50000000      -105.000000       101.500000    
   5.50000000      -104.500000       101.000000    
   5.00000000      -104.000000       102.000000    
   5.00000000      -102.000000       103.000000    
   6.00000000      -103.000000       103.000000    
   5.50000000      -103.000000       101.500000    
   4.50000000      -102.000000       102.500000    
   4.50000000      -103.000000       100.500000    
   4.00000000      -102.000000       99.0000000    
   1.00000000      -100.500000       99.5000000    
   4.00000000      -103.000000       100.000000    
   6.50000000      -100.000000       98.5000000    
   8.00000000      -100.500000       98.5000000    
   5.00000000      -100.500000       99.5000000    
   6.50000000      -101.500000       97.0000000    
   7.00000000      -101.000000       98.0000000    
   3.00000000      -101.000000       99.0000000    
   4.00000000      -100.000000       101.000000    
   4.00000000      -100.000000       101.000000    
   3.50000000      -101.000000       100.500000    
   4.00000000      -101.000000       101.000000    
   4.50000000      -101.000000       101.500000    
   3.50000000      -99.5000000       100.000000    
   5.00000000      -102.000000       99.0000000    
   4.50000000      -100.500000       100.000000    
   4.50000000      -98.0000000       98.5000000    
   4.50000000      -97.5000000       100.000000    
   3.00000000      -98.0000000       99.0000000    
   2.00000000      -99.0000000       99.0000000    
   2.50000000      -99.5000000       99.0000000    
   0.00000000      -98.0000000       98.0000000    
  -1.00000000      -98.5000000       97.5000000    
   1.00000000      -98.0000000       98.0000000    
   2.00000000      -98.0000000       98.0000000    
   3.00000000      -96.5000000       96.5000000    
   2.50000000      -97.5000000       96.0000000    
   2.00000000      -97.0000000       97.0000000    
   0.00000000      -95.5000000       96.5000000    
   3.50000000      -96.0000000       96.5000000    
   2.50000000      -96.5000000       96.0000000    
   3.00000000      -95.5000000       95.5000000    
   1.50000000      -97.0000000       95.5000000    
   2.50000000      -95.5000000       93.0000000    
   3.00000000      -95.5000000       94.5000000    
   4.00000000      -96.5000000       94.5000000    
   5.00000000      -95.5000000       94.5000000    
   5.00000000      -94.0000000       95.0000000    
   5.50000000      -93.5000000       94.0000000    
   4.50000000      -94.5000000       94.0000000    
   4.00000000      -92.5000000       92.5000000    
   3.00000000      -93.5000000       94.5000000    
   4.50000000      -92.0000000       94.5000000    
   2.00000000      -93.0000000       94.0000000    
   2.00000000      -91.5000000       92.5000000    
   5.50000000      -89.5000000       92.0000000    
   4.00000000      -89.5000000       91.5000000    
   4.50000000      -90.5000000       91.0000000    
   2.50000000      -91.5000000       91.0000000    
   2.50000000      -92.5000000       90.0000000    
   1.50000000      -91.0000000       91.5000000    
   1.00000000      -91.0000000       89.0000000    
   3.50000000      -91.0000000       89.5000000    
   2.50000000      -92.5000000       89.0000000    
   3.00000000      -91.5000000       90.5000000    
   2.00000000      -91.5000000       90.5000000    
   1.50000000      -90.5000000       89.0000000    
   3.50000000      -90.5000000       89.0000000    
   1.00000000      -89.5000000       89.5000000    
   1.00000000      -91.0000000       90.0000000    
   2.00000000      -91.0000000       89.0000000    
   2.50000000      -90.0000000       88.5000000    
   4.50000000      -91.0000000       87.5000000    
   3.50000000      -91.0000000       87.5000000    
   2.50000000      -91.0000000       87.5000000    
   3.00000000      -91.0000000       86.0000000    
   6.50000000      -87.5000000       85.0000000    
   4.50000000      -88.5000000       84.0000000    
   4.00000000      -90.0000000       84.0000000    
   4.50000000      -89.5000000       85.0000000    
   4.50000000      -88.0000000       84.5000000    
   6.00000000      -89.5000000       83.5000000    
   5.50000000      -90.0000000       82.5000000    
   5.50000000      -88.5000000       84.0000000    
   6.50000000      -86.5000000       84.0000000    
   5.50000000      -86.0000000       83.5000000    
   4.50000000      -86.0000000       83.5000000    
   4.00000000      -84.5000000       82.5000000    
   4.50000000      -87.0000000       82.5000000    
   3.00000000      -85.5000000       81.5000000    
   6.00000000      -87.0000000       81.0000000    
   4.50000000      -87.0000000       82.5000000    
   5.50000000      -87.0000000       81.5000000    
   5.50000000      -88.0000000       81.5000000    
   5.00000000      -87.0000000       80.0000000    
   4.50000000      -87.0000000       79.5000000    
   2.50000000      -86.5000000       79.0000000    
   4.00000000      -85.0000000       79.0000000    
   4.00000000      -85.5000000       81.5000000    
   2.50000000      -85.0000000       80.5000000    
   4.00000000      -84.0000000       80.0000000    
   4.00000000      -85.5000000       80.5000000    
   5.00000000      -84.5000000       79.5000000    
   4.50000000      -85.0000000       79.5000000    
   5.00000000      -84.5000000       79.5000000    
   6.50000000      -81.5000000       80.0000000    
   3.50000000      -85.0000000       78.5000000    
   5.50000000      -84.5000000       78.0000000    
   5.50000000      -81.5000000       79.0000000    
   6.50000000      -83.5000000       79.0000000    
   7.50000000      -81.5000000       79.0000000    
   5.50000000      -82.5000000       79.0000000    
   6.00000000      -81.5000000       77.5000000    
